COMMAND   PID   USER   FD   TYPE  DEVICE SIZE/OFF   NODE NAME
python  16584 bewest  cwd    DIR    8,17     4096 278484 /home/bewest/src/glucodump/glucodump
python  16584 bewest  rtd    DIR     8,1     4096      2 /
python  16584 bewest  txt    REG     8,1  2993592 527325 /usr/bin/python2.7
python  16584 bewest  mem    REG     8,1    31752 268013 /lib/x86_64-linux-gnu/librt-2.15.so
python  16584 bewest  mem    REG     8,1    59776 268397 /lib/x86_64-linux-gnu/libusb-1.0.so.0.1.0
python  16584 bewest  mem    REG     8,1   152560 544189 /usr/lib/python2.7/lib-dynload/_ctypes.so
python  16584 bewest  mem    REG     8,1   962656 529866 /usr/lib/x86_64-linux-gnu/libstdc++.so.6.0.16
python  16584 bewest  mem    REG     8,1  1205128 524980 /usr/lib/x86_64-linux-gnu/libapt-pkg.so.4.12.0
python  16584 bewest  mem    REG     8,1   346320 526212 /usr/lib/python2.7/dist-packages/apt_pkg.so
python  16584 bewest  mem    REG     8,1   164976 544192 /usr/lib/python2.7/lib-dynload/_io.so
python  16584 bewest  mem    REG     8,1   170024 262453 /lib/x86_64-linux-gnu/libexpat.so.1.5.2
python  16584 bewest  mem    REG     8,1    65040 544208 /usr/lib/python2.7/lib-dynload/pyexpat.so
python  16584 bewest  mem    REG     8,1    21680 544194 /usr/lib/python2.7/lib-dynload/_heapq.so
python  16584 bewest  mem    REG     8,1   159200 266749 /lib/x86_64-linux-gnu/libtinfo.so.5.9
python  16584 bewest  mem    REG     8,1   265456 262157 /lib/x86_64-linux-gnu/libreadline.so.6.2
python  16584 bewest  mem    REG     8,1    26992 544206 /usr/lib/python2.7/lib-dynload/readline.so
python  16584 bewest  mem    REG     8,1  2932080 524441 /usr/lib/locale/locale-archive
python  16584 bewest  mem    REG     8,1    88384 267984 /lib/x86_64-linux-gnu/libgcc_s.so.1
python  16584 bewest  mem    REG     8,1  1811128 262390 /lib/x86_64-linux-gnu/libc-2.15.so
python  16584 bewest  mem    REG     8,1  1030512 270222 /lib/x86_64-linux-gnu/libm-2.15.so
python  16584 bewest  mem    REG     8,1    92720 267579 /lib/x86_64-linux-gnu/libz.so.1.2.3.4
python  16584 bewest  mem    REG     8,1  1930616 272367 /lib/x86_64-linux-gnu/libcrypto.so.1.0.0
python  16584 bewest  mem    REG     8,1   382864 266872 /lib/x86_64-linux-gnu/libssl.so.1.0.0
python  16584 bewest  mem    REG     8,1    10632 272264 /lib/x86_64-linux-gnu/libutil-2.15.so
python  16584 bewest  mem    REG     8,1    14768 262389 /lib/x86_64-linux-gnu/libdl-2.15.so
python  16584 bewest  mem    REG     8,1   135366 267381 /lib/x86_64-linux-gnu/libpthread-2.15.so
python  16584 bewest  mem    REG     8,1   149280 271037 /lib/x86_64-linux-gnu/ld-2.15.so
python  16584 bewest  mem    REG     8,1    26258 593542 /usr/lib/x86_64-linux-gnu/gconv/gconv-modules.cache
python  16584 bewest    0u   CHR  136,13      0t0     16 /dev/pts/13
python  16584 bewest    1u   CHR  136,13      0t0     16 /dev/pts/13
python  16584 bewest    2u   CHR  136,13      0t0     16 /dev/pts/13
python  16584 bewest    3r  FIFO     0,8      0t0  25749 pipe
python  16584 bewest    4w  FIFO     0,8      0t0  25749 pipe
python  16584 bewest    5u  0000     0,9        0   6943 anon_inode
python  16584 bewest    6u   CHR 189,132      0t0  15457 /dev/bus/usb/002/005
python  16584 bewest    8u  sock     0,7      0t0  26250 can't identify protocol
