>>> '\x04'
<<< 'ABC<\x04\x021H|\\^&||FrqvFW|Bayer7390^01.26\\01.05\\02.06.20^7390-2902076'
<<< 'ABC<^7393A|A=1^C=03^G=0^I=0200^R=0^S=1^U=0^V=20600^X=07007007007'
<<< 'ABC<0180130180250^Y=360126090050099050300089^Z=1|0||||||1|201302'
<<< 'ABC\r020341\r\x17C0\r\n\x05\x00\x00\x00\x00\x00\x00\x00\x00\x00\x00\x00\x00\x00\x00\x00\x00\x00\x00\x00\x00\x00\x00\x00\x00\x00\x00\x00\x00\x00\x00\x00\x00\x00\x00\x00\x00\x00\x00\x00\x00\x00\x00\x00\x00\x00\x00\x00'
*** '\x04\x021H|\\^&||FrqvFW|Bayer7390^01.26\\01.05\\02.06.20^7390-2902076^7393A|A=1^C=03^G=0^I=0200^R=0^S=1^U=0^V=20600^X=070070070070180130180250^Y=360126090050099050300089^Z=1|0||||||1|201302020341\r\x17C0\r\n\x05'
>>> '\x06'
<<< 'ABC<\x021H|\\^&||Jwi9Rs|Bayer7390^01.26\\01.05\\02.06.20^7390-2902076^'
<<< 'ABC<7393A|A=1^C=03^G=0^I=0200^R=0^S=1^U=0^V=20600^X=070070070070'
<<< 'ABC<180130180250^Y=360126090050099050300089^Z=1|0|||||P|1|201302'
<<< 'ABC\x0c020341\r\x17FC\r\n\x00\x00\x00\x00\x00\x00\x00\x00\x00\x00\x00\x00\x00\x00\x00\x00\x00\x00\x00\x00\x00\x00\x00\x00\x00\x00\x00\x00\x00\x00\x00\x00\x00\x00\x00\x00\x00\x00\x00\x00\x00\x00\x00\x00\x00\x00\x00\x00'
*** '\x021H|\\^&||Jwi9Rs|Bayer7390^01.26\\01.05\\02.06.20^7390-2902076^7393A|A=1^C=03^G=0^I=0200^R=0^S=1^U=0^V=20600^X=070070070070180130180250^Y=360126090050099050300089^Z=1|0|||||P|1|201302020341\r\x17FC\r\n'
text: 'H|\\^&||Jwi9Rs|Bayer7390^01.26\\01.05\\02.06.20^7390-2902076^7393A|A=1^C=03^G=0^I=0200^R=0^S=1^U=0^V=20600^X=070070070070180130180250^Y=360126090050099050300089^Z=1|0|||||P|1|201302020341'
>>> '\x06'
<<< 'ABC\x0b\x022P|1\r\x1753\r\n\x00\x00\x00\x00\x00\x00\x00\x00\x00\x00\x00\x00\x00\x00\x00\x00\x00\x00\x00\x00\x00\x00\x00\x00\x00\x00\x00\x00\x00\x00\x00\x00\x00\x00\x00\x00\x00\x00\x00\x00\x00\x00\x00\x00\x00\x00\x00\x00\x00'
*** '\x022P|1\r\x1753\r\n'
text: 'P|1'
>>> '\x06'
<<< 'ABC\x0e\x023L|1||N\r\x0382\r\n\x00\x00\x00\x00\x00\x00\x00\x00\x00\x00\x00\x00\x00\x00\x00\x00\x00\x00\x00\x00\x00\x00\x00\x00\x00\x00\x00\x00\x00\x00\x00\x00\x00\x00\x00\x00\x00\x00\x00\x00\x00\x00\x00\x00\x00\x00'
*** '\x023L|1||N\r\x0382\r\n'
text: 'L|1||N'
>>> '\x06'
<<< 'ABC\x01\x04\x00\x00\x00\x00\x00\x00\x00\x00\x00\x00\x00\x00\x00\x00\x00\x00\x00\x00\x00\x00\x00\x00\x00\x00\x00\x00\x00\x00\x00\x00\x00\x00\x00\x00\x00\x00\x00\x00\x00\x00\x00\x00\x00\x00\x00\x00\x00\x00\x00\x00\x00\x00\x00\x00\x00\x00\x00\x00\x00'
*** '\x04'
